# JRE version: Java(TM) SE Runtime Environment (17.0.11+7) (build 17.0.11+7-LTS-207)
# Java VM: Java HotSpot(TM) 64-Bit Server VM (17.0.11+7-LTS-207, mixed mode, sharing, tiered, compressed oops, compressed class ptrs, g1 gc, windows-amd64)
GC Precious Log:
 CPUs: 16 total, 16 available
 Memory: 16077M
 Large Page Support: Disabled
 NUMA Support: Disabled
 Compressed Oops: Enabled (Zero based)
 Heap Region Size: 2M
 Heap Min Capacity: 8M
 Heap Initial Capacity: 252M
 Heap Max Capacity: 4020M
 Pre-touch: Disabled
 Parallel Workers: 13
 Concurrent Workers: 3
 Concurrent Refinement Workers: 13
 Periodic GC: Disabled
Heap:
 garbage-first heap   total 98304K, used 42583K [0x0000000704c00000, 0x0000000800000000)
  region size 2048K, 5 young (10240K), 1 survivors (2048K)
 Metaspace       used 30785K, committed 31104K, reserved 1114112K
  class space    used 4209K, committed 4352K, reserved 1048576K
GC Heap History (20 events):
Event: 0.435 GC heap before
{Heap before GC invocations=0 (full 0):
 garbage-first heap   total 258048K, used 22528K [0x0000000704c00000, 0x0000000800000000)
  region size 2048K, 11 young (22528K), 0 survivors (0K)
 Metaspace       used 5466K, committed 5696K, reserved 1114112K
  class space    used 652K, committed 768K, reserved 1048576K
}
Event: 0.438 GC heap after
{Heap after GC invocations=1 (full 0):
 garbage-first heap   total 258048K, used 3852K [0x0000000704c00000, 0x0000000800000000)
  region size 2048K, 2 young (4096K), 2 survivors (4096K)
 Metaspace       used 5466K, committed 5696K, reserved 1114112K
  class space    used 652K, committed 768K, reserved 1048576K
}
Event: 0.848 GC heap before
{Heap before GC invocations=1 (full 0):
 garbage-first heap   total 258048K, used 36620K [0x0000000704c00000, 0x0000000800000000)
  region size 2048K, 18 young (36864K), 2 survivors (4096K)
 Metaspace       used 9736K, committed 9920K, reserved 1114112K
  class space    used 1178K, committed 1280K, reserved 1048576K
}
Event: 0.851 GC heap after
{Heap after GC invocations=2 (full 0):
 garbage-first heap   total 258048K, used 5449K [0x0000000704c00000, 0x0000000800000000)
  region size 2048K, 1 young (2048K), 1 survivors (2048K)
 Metaspace       used 9736K, committed 9920K, reserved 1114112K
  class space    used 1178K, committed 1280K, reserved 1048576K
}
Event: 2.454 GC heap before
{Heap before GC invocations=2 (full 0):
 garbage-first heap   total 258048K, used 95561K [0x0000000704c00000, 0x0000000800000000)
  region size 2048K, 46 young (94208K), 1 survivors (2048K)
 Metaspace       used 21316K, committed 21504K, reserved 1114112K
  class space    used 2656K, committed 2752K, reserved 1048576K
}
Event: 2.474 GC heap after
{Heap after GC invocations=3 (full 0):
 garbage-first heap   total 258048K, used 12744K [0x0000000704c00000, 0x0000000800000000)
  region size 2048K, 5 young (10240K), 5 survivors (10240K)
 Metaspace       used 21316K, committed 21504K, reserved 1114112K
  class space    used 2656K, committed 2752K, reserved 1048576K
}
Event: 2.827 GC heap before
{Heap before GC invocations=4 (full 0):
 garbage-first heap   total 55296K, used 33224K [0x0000000704c00000, 0x0000000800000000)
  region size 2048K, 16 young (32768K), 5 survivors (10240K)
 Metaspace       used 24381K, committed 24640K, reserved 1114112K
  class space    used 3237K, committed 3328K, reserved 1048576K
}
Event: 2.834 GC heap after
{Heap after GC invocations=5 (full 0):
 garbage-first heap   total 57344K, used 22354K [0x0000000704c00000, 0x0000000800000000)
  region size 2048K, 2 young (4096K), 2 survivors (4096K)
 Metaspace       used 24381K, committed 24640K, reserved 1114112K
  class space    used 3237K, committed 3328K, reserved 1048576K
}
Event: 2.988 GC heap before
{Heap before GC invocations=5 (full 0):
 garbage-first heap   total 57344K, used 24402K [0x0000000704c00000, 0x0000000800000000)
  region size 2048K, 3 young (6144K), 2 survivors (4096K)
 Metaspace       used 25030K, committed 25216K, reserved 1114112K
  class space    used 3323K, committed 3392K, reserved 1048576K
}
Event: 2.992 GC heap after
{Heap after GC invocations=6 (full 0):
 garbage-first heap   total 57344K, used 21890K [0x0000000704c00000, 0x0000000800000000)
  region size 2048K, 1 young (2048K), 1 survivors (2048K)
 Metaspace       used 25030K, committed 25216K, reserved 1114112K
  class space    used 3323K, committed 3392K, reserved 1048576K
}
Event: 6.471 GC heap before
{Heap before GC invocations=6 (full 0):
 garbage-first heap   total 57344K, used 38274K [0x0000000704c00000, 0x0000000800000000)
  region size 2048K, 8 young (16384K), 1 survivors (2048K)
 Metaspace       used 28557K, committed 28928K, reserved 1114112K
  class space    used 4011K, committed 4160K, reserved 1048576K
}
Event: 6.473 GC heap after
{Heap after GC invocations=7 (full 0):
 garbage-first heap   total 57344K, used 26547K [0x0000000704c00000, 0x0000000800000000)
  region size 2048K, 1 young (2048K), 1 survivors (2048K)
 Metaspace       used 28557K, committed 28928K, reserved 1114112K
  class space    used 4011K, committed 4160K, reserved 1048576K
}
Event: 19.178 GC heap before
{Heap before GC invocations=7 (full 0):
 garbage-first heap   total 57344K, used 38835K [0x0000000704c00000, 0x0000000800000000)
  region size 2048K, 8 young (16384K), 1 survivors (2048K)
 Metaspace       used 30327K, committed 30656K, reserved 1114112K
  class space    used 4191K, committed 4352K, reserved 1048576K
}
Event: 19.183 GC heap after
{Heap after GC invocations=8 (full 0):
 garbage-first heap   total 57344K, used 34604K [0x0000000704c00000, 0x0000000800000000)
  region size 2048K, 1 young (2048K), 1 survivors (2048K)
 Metaspace       used 30327K, committed 30656K, reserved 1114112K
  class space    used 4191K, committed 4352K, reserved 1048576K
}
Event: 31.523 GC heap before
{Heap before GC invocations=8 (full 0):
 garbage-first heap   total 57344K, used 36652K [0x0000000704c00000, 0x0000000800000000)
  region size 2048K, 3 young (6144K), 1 survivors (2048K)
 Metaspace       used 30450K, committed 30784K, reserved 1114112K
  class space    used 4196K, committed 4352K, reserved 1048576K
}
Event: 31.525 GC heap after
{Heap after GC invocations=9 (full 0):
 garbage-first heap   total 57344K, used 36486K [0x0000000704c00000, 0x0000000800000000)
  region size 2048K, 1 young (2048K), 1 survivors (2048K)
 Metaspace       used 30450K, committed 30784K, reserved 1114112K
  class space    used 4196K, committed 4352K, reserved 1048576K
}
Event: 31.557 GC heap before
{Heap before GC invocations=10 (full 0):
 garbage-first heap   total 65536K, used 38534K [0x0000000704c00000, 0x0000000800000000)
  region size 2048K, 3 young (6144K), 1 survivors (2048K)
 Metaspace       used 30450K, committed 30784K, reserved 1114112K
  class space    used 4196K, committed 4352K, reserved 1048576K
}
Event: 31.558 GC heap after
{Heap after GC invocations=11 (full 0):
 garbage-first heap   total 98304K, used 40859K [0x0000000704c00000, 0x0000000800000000)
  region size 2048K, 1 young (2048K), 1 survivors (2048K)
 Metaspace       used 30450K, committed 30784K, reserved 1114112K
  class space    used 4196K, committed 4352K, reserved 1048576K
}
Event: 34.574 GC heap before
{Heap before GC invocations=11 (full 0):
 garbage-first heap   total 98304K, used 42907K [0x0000000704c00000, 0x0000000800000000)
  region size 2048K, 2 young (4096K), 1 survivors (2048K)
 Metaspace       used 30461K, committed 30784K, reserved 1114112K
  class space    used 4196K, committed 4352K, reserved 1048576K
}
Event: 34.578 GC heap after
{Heap after GC invocations=12 (full 0):
 garbage-first heap   total 98304K, used 36439K [0x0000000704c00000, 0x0000000800000000)
  region size 2048K, 1 young (2048K), 1 survivors (2048K)
 Metaspace       used 30461K, committed 30784K, reserved 1114112K
  class space    used 4196K, committed 4352K, reserved 1048576K
}

